<?xml version="1.0" encoding="UTF-8"?>
<!-- Generated by org.testng.reporters.JUnitReportReporter -->
<testsuite skipped="0" hostname="Raghavendra-Gupta.local" name="com.test.TestNgFeatures" tests="4" failures="0" timestamp="20 Aug 2018 12:08:11 GMT" time="0.013" errors="0">
  <testcase name="SearchPageTest" time="0.001" classname="com.test.TestNgFeatures"/>
  <testcase name="loginTest" time="0.006" classname="com.test.TestNgFeatures"/>
  <testcase name="RegPageTest" time="0.002" classname="com.test.TestNgFeatures"/>
  <testcase name="HomePageTest" time="0.004" classname="com.test.TestNgFeatures"/>
</testsuite> <!-- com.test.TestNgFeatures -->
