<?xml version="1.0" encoding="UTF-8"?>
<!-- Generated by org.testng.reporters.JUnitReportReporter -->
<testsuite skipped="0" hostname="Raghavendra-Gupta.local" name="com.test.GoogleTest" tests="6" failures="0" timestamp="20 Aug 2018 12:08:11 GMT" time="36.464" errors="0">
  <testcase name="googleTitleTest" time="5.820" classname="com.test.GoogleTest"/>
  <testcase name="mailLinkTest" time="6.359" classname="com.test.GoogleTest"/>
  <testcase name="googleLogoTest" time="5.970" classname="com.test.GoogleTest"/>
  <testcase name="test2" time="6.222" classname="com.test.GoogleTest"/>
  <testcase name="test3" time="5.926" classname="com.test.GoogleTest"/>
  <testcase name="test4" time="6.167" classname="com.test.GoogleTest"/>
</testsuite> <!-- com.test.GoogleTest -->
