<?xml version="1.0" encoding="UTF-8"?>
<!-- Generated by org.testng.reporters.JUnitReportReporter -->
<testsuite skipped="0" hostname="Raghavendra-Gupta.local" name="com.parameters.ParameterTest" tests="1" failures="0" timestamp="20 Aug 2018 12:08:11 GMT" time="8.641" errors="0">
  <testcase name="yahooLoginTest" time="8.641" classname="com.parameters.ParameterTest"/>
</testsuite> <!-- com.parameters.ParameterTest -->
