<?xml version="1.0" encoding="UTF-8"?>
<!-- Generated by org.testng.reporters.JUnitReportReporter -->
<testsuite skipped="0" hostname="Raghavendra-Gupta.local" name="cpm.parameters.ParameterTest" tests="1" failures="0" timestamp="17 Aug 2018 12:07:46 GMT" time="8.658" errors="0">
  <testcase name="yahooLoginTest" time="8.658" classname="cpm.parameters.ParameterTest"/>
</testsuite> <!-- cpm.parameters.ParameterTest -->
