<?xml version="1.0" encoding="UTF-8"?>
<!-- Generated by org.testng.reporters.JUnitReportReporter -->
<testsuite skipped="0" hostname="Raghavendra-Gupta.local" name="com.test.ExceptionTimeOutTest" tests="1" failures="0" timestamp="20 Aug 2018 12:08:11 GMT" time="0.007" errors="0">
  <testcase name="test1" time="0.007" classname="com.test.ExceptionTimeOutTest"/>
</testsuite> <!-- com.test.ExceptionTimeOutTest -->
