<?xml version="1.0" encoding="UTF-8"?>
<!-- Generated by org.testng.reporters.JUnitReportReporter -->
<testsuite skipped="0" hostname="Raghavendra-Gupta.local" name="com.test.TestNGBasics" tests="3" failures="0" timestamp="20 Aug 2018 12:08:11 GMT" time="0.008" errors="0">
  <testcase name="searchTest" time="0.002" classname="com.test.TestNGBasics"/>
  <testcase name="googleLogoTest" time="0.006" classname="com.test.TestNGBasics"/>
  <testcase name="googleTitleTest" time="0.000" classname="com.test.TestNGBasics"/>
</testsuite> <!-- com.test.TestNGBasics -->
