<?xml version="1.0" encoding="UTF-8"?>
<!-- Generated by org.testng.reporters.JUnitReportReporter -->
<testsuite skipped="0" hostname="Raghavendra-Gupta.local" name="datadriven.test.DemoqaTest" tests="2" failures="0" timestamp="18 Aug 2018 10:24:10 GMT" time="5.934" errors="0">
  <testcase name="demoqaRegPage" time="2.760" classname="datadriven.test.DemoqaTest"/>
  <testcase name="demoqaRegPage" time="3.174" classname="datadriven.test.DemoqaTest"/>
</testsuite> <!-- datadriven.test.DemoqaTest -->
